0 info it worked if it ends with ok
1 verbose cli [ '/usr/local/bin/node', '/usr/local/bin/npm', 'install' ]
2 info using npm@3.10.8
3 info using node@v7.0.0
4 silly loadCurrentTree Starting
5 silly install loadCurrentTree
6 silly install readLocalPackageData
7 silly install normalizeTree
8 silly loadCurrentTree Finishing
9 silly loadIdealTree Starting
10 silly install loadIdealTree
11 silly cloneCurrentTree Starting
12 silly install cloneCurrentTreeToIdealTree
13 silly cloneCurrentTree Finishing
14 silly loadShrinkwrap Starting
15 silly install loadShrinkwrap
16 silly loadShrinkwrap Finishing
17 silly loadAllDepsIntoIdealTree Starting
18 silly install loadAllDepsIntoIdealTree
19 silly fetchOtherPackageData discord.js@github:hydrabolt/discord.js#indev
20 silly cache add args [ 'discord.js@github:hydrabolt/discord.js#indev', null ]
21 verbose cache add spec discord.js@github:hydrabolt/discord.js#indev
22 silly cache add parsed spec Result {
22 silly cache add   raw: 'discord.js@github:hydrabolt/discord.js#indev',
22 silly cache add   scope: null,
22 silly cache add   escapedName: 'discord.js',
22 silly cache add   name: 'discord.js',
22 silly cache add   rawSpec: 'github:hydrabolt/discord.js#indev',
22 silly cache add   spec: 'github:hydrabolt/discord.js#indev',
22 silly cache add   type: 'hosted',
22 silly cache add   hosted:
22 silly cache add    { type: 'github',
22 silly cache add      ssh: 'git@github.com:hydrabolt/discord.js.git#indev',
22 silly cache add      sshUrl: 'git+ssh://git@github.com/hydrabolt/discord.js.git#indev',
22 silly cache add      httpsUrl: 'git+https://github.com/hydrabolt/discord.js.git#indev',
22 silly cache add      gitUrl: 'git://github.com/hydrabolt/discord.js.git#indev',
22 silly cache add      shortcut: 'github:hydrabolt/discord.js#indev',
22 silly cache add      directUrl: 'https://raw.githubusercontent.com/hydrabolt/discord.js/indev/package.json' } }
23 verbose addRemoteGit caching github:hydrabolt/discord.js#indev
24 verbose addRemoteGit hydrabolt/discord.js#indev is a repository hosted by github
25 silly tryGitProto attempting to clone git://github.com/hydrabolt/discord.js.git#indev
26 silly tryClone cloning hydrabolt/discord.js#indev via git://github.com/hydrabolt/discord.js.git#indev
27 verbose tryClone git-github-com-hydrabolt-discord-js-git-indev-58d7434c not in flight; caching
28 verbose correctMkdir /Users/justin/.npm/_git-remotes correctMkdir not in flight; initializing
29 info git [ 'clone',
29 info git   '--template=/Users/justin/.npm/_git-remotes/_templates',
29 info git   '--mirror',
29 info git   'git://github.com/hydrabolt/discord.js.git',
29 info git   '/Users/justin/.npm/_git-remotes/git-github-com-hydrabolt-discord-js-git-indev-58d7434c' ]
30 verbose mirrorRemote hydrabolt/discord.js#indev git clone git://github.com/hydrabolt/discord.js.git
31 verbose correctMkdir /Users/justin/.npm/_git-remotes correctMkdir not in flight; initializing
32 verbose setPermissions hydrabolt/discord.js#indev set permissions on /Users/justin/.npm/_git-remotes/git-github-com-hydrabolt-discord-js-git-indev-58d7434c
33 verbose resolveHead hydrabolt/discord.js#indev original treeish: indev
34 info git [ 'rev-list', '-n1', 'indev' ]
35 error git rev-list -n1 indev: fatal: ambiguous argument 'indev': unknown revision or path not in the working tree.
35 error git rev-list -n1 indev: Use '--' to separate paths from revisions, like this:
35 error git rev-list -n1 indev: 'git <command> [<revision>...] -- [<file>...]'
36 silly tryHTTPS attempting to clone git+https://github.com/hydrabolt/discord.js.git#indev
37 silly tryClone cloning hydrabolt/discord.js#indev via git+https://github.com/hydrabolt/discord.js.git#indev
38 verbose tryClone git-https-github-com-hydrabolt-discord-js-git-indev-16bb84c4 not in flight; caching
39 verbose correctMkdir /Users/justin/.npm/_git-remotes correctMkdir not in flight; initializing
40 info git [ 'clone',
40 info git   '--template=/Users/justin/.npm/_git-remotes/_templates',
40 info git   '--mirror',
40 info git   'https://github.com/hydrabolt/discord.js.git',
40 info git   '/Users/justin/.npm/_git-remotes/git-https-github-com-hydrabolt-discord-js-git-indev-16bb84c4' ]
41 verbose mirrorRemote hydrabolt/discord.js#indev git clone https://github.com/hydrabolt/discord.js.git
42 verbose correctMkdir /Users/justin/.npm/_git-remotes correctMkdir not in flight; initializing
43 verbose setPermissions hydrabolt/discord.js#indev set permissions on /Users/justin/.npm/_git-remotes/git-https-github-com-hydrabolt-discord-js-git-indev-16bb84c4
44 verbose resolveHead hydrabolt/discord.js#indev original treeish: indev
45 info git [ 'rev-list', '-n1', 'indev' ]
46 error git rev-list -n1 indev: fatal: ambiguous argument 'indev': unknown revision or path not in the working tree.
46 error git rev-list -n1 indev: Use '--' to separate paths from revisions, like this:
46 error git rev-list -n1 indev: 'git <command> [<revision>...] -- [<file>...]'
47 silly trySSH attempting to clone git@github.com:hydrabolt/discord.js.git#indev
48 silly tryClone cloning hydrabolt/discord.js#indev via git@github.com:hydrabolt/discord.js.git#indev
49 verbose tryClone git-github-com-hydrabolt-discord-js-git-indev-3868718b not in flight; caching
50 verbose correctMkdir /Users/justin/.npm/_git-remotes correctMkdir not in flight; initializing
51 info git [ 'clone',
51 info git   '--template=/Users/justin/.npm/_git-remotes/_templates',
51 info git   '--mirror',
51 info git   'git@github.com:hydrabolt/discord.js.git',
51 info git   '/Users/justin/.npm/_git-remotes/git-github-com-hydrabolt-discord-js-git-indev-3868718b' ]
52 error git clone --template=/Users/justin/.npm/_git-remotes/_templates --mirror git@github.com:hydrabolt/discord.js.git /Users/justin/.npm/_git-remotes/git-github-com-hydrabolt-discord-js-git-indev-3868718b: Cloning into bare repository '/Users/justin/.npm/_git-remotes/git-github-com-hydrabolt-discord-js-git-indev-3868718b'...
52 error git clone --template=/Users/justin/.npm/_git-remotes/_templates --mirror git@github.com:hydrabolt/discord.js.git /Users/justin/.npm/_git-remotes/git-github-com-hydrabolt-discord-js-git-indev-3868718b: Permission denied (publickey).
52 error git clone --template=/Users/justin/.npm/_git-remotes/_templates --mirror git@github.com:hydrabolt/discord.js.git /Users/justin/.npm/_git-remotes/git-github-com-hydrabolt-discord-js-git-indev-3868718b: fatal: Could not read from remote repository.
52 error git clone --template=/Users/justin/.npm/_git-remotes/_templates --mirror git@github.com:hydrabolt/discord.js.git /Users/justin/.npm/_git-remotes/git-github-com-hydrabolt-discord-js-git-indev-3868718b:
52 error git clone --template=/Users/justin/.npm/_git-remotes/_templates --mirror git@github.com:hydrabolt/discord.js.git /Users/justin/.npm/_git-remotes/git-github-com-hydrabolt-discord-js-git-indev-3868718b: Please make sure you have the correct access rights
52 error git clone --template=/Users/justin/.npm/_git-remotes/_templates --mirror git@github.com:hydrabolt/discord.js.git /Users/justin/.npm/_git-remotes/git-github-com-hydrabolt-discord-js-git-indev-3868718b: and the repository exists.
53 silly fetchPackageMetaData Error: Command failed: git clone --template=/Users/justin/.npm/_git-remotes/_templates --mirror git@github.com:hydrabolt/discord.js.git /Users/justin/.npm/_git-remotes/git-github-com-hydrabolt-discord-js-git-indev-3868718b
53 silly fetchPackageMetaData Cloning into bare repository '/Users/justin/.npm/_git-remotes/git-github-com-hydrabolt-discord-js-git-indev-3868718b'...
53 silly fetchPackageMetaData Permission denied (publickey).
53 silly fetchPackageMetaData fatal: Could not read from remote repository.
53 silly fetchPackageMetaData
53 silly fetchPackageMetaData Please make sure you have the correct access rights
53 silly fetchPackageMetaData and the repository exists.
53 silly fetchPackageMetaData
53 silly fetchPackageMetaData     at ChildProcess.exithandler (child_process.js:211:12)
53 silly fetchPackageMetaData     at emitTwo (events.js:106:13)
53 silly fetchPackageMetaData     at ChildProcess.emit (events.js:191:7)
53 silly fetchPackageMetaData     at maybeClose (internal/child_process.js:877:16)
53 silly fetchPackageMetaData     at Socket.<anonymous> (internal/child_process.js:334:11)
53 silly fetchPackageMetaData     at emitOne (events.js:96:13)
53 silly fetchPackageMetaData     at Socket.emit (events.js:188:7)
53 silly fetchPackageMetaData     at Pipe._handle.close [as _onclose] (net.js:501:12)
53 silly fetchPackageMetaData  error for discord.js@github:hydrabolt/discord.js#indev { Error: Command failed: git clone --template=/Users/justin/.npm/_git-remotes/_templates --mirror git@github.com:hydrabolt/discord.js.git /Users/justin/.npm/_git-remotes/git-github-com-hydrabolt-discord-js-git-indev-3868718b
53 silly fetchPackageMetaData Cloning into bare repository '/Users/justin/.npm/_git-remotes/git-github-com-hydrabolt-discord-js-git-indev-3868718b'...
53 silly fetchPackageMetaData Permission denied (publickey).
53 silly fetchPackageMetaData fatal: Could not read from remote repository.
53 silly fetchPackageMetaData
53 silly fetchPackageMetaData Please make sure you have the correct access rights
53 silly fetchPackageMetaData and the repository exists.
53 silly fetchPackageMetaData
53 silly fetchPackageMetaData     at ChildProcess.exithandler (child_process.js:211:12)
53 silly fetchPackageMetaData     at emitTwo (events.js:106:13)
53 silly fetchPackageMetaData     at ChildProcess.emit (events.js:191:7)
53 silly fetchPackageMetaData     at maybeClose (internal/child_process.js:877:16)
53 silly fetchPackageMetaData     at Socket.<anonymous> (internal/child_process.js:334:11)
53 silly fetchPackageMetaData     at emitOne (events.js:96:13)
53 silly fetchPackageMetaData     at Socket.emit (events.js:188:7)
53 silly fetchPackageMetaData     at Pipe._handle.close [as _onclose] (net.js:501:12)
53 silly fetchPackageMetaData   killed: false,
53 silly fetchPackageMetaData   code: 128,
53 silly fetchPackageMetaData   signal: null,
53 silly fetchPackageMetaData   cmd: 'git clone --template=/Users/justin/.npm/_git-remotes/_templates --mirror git@github.com:hydrabolt/discord.js.git /Users/justin/.npm/_git-remotes/git-github-com-hydrabolt-discord-js-git-indev-3868718b' }
54 silly rollbackFailedOptional Starting
55 silly rollbackFailedOptional Finishing
56 silly runTopLevelLifecycles Finishing
57 silly install printInstalled
58 verbose stack Error: Command failed: git clone --template=/Users/justin/.npm/_git-remotes/_templates --mirror git@github.com:hydrabolt/discord.js.git /Users/justin/.npm/_git-remotes/git-github-com-hydrabolt-discord-js-git-indev-3868718b
58 verbose stack Cloning into bare repository '/Users/justin/.npm/_git-remotes/git-github-com-hydrabolt-discord-js-git-indev-3868718b'...
58 verbose stack Permission denied (publickey).
58 verbose stack fatal: Could not read from remote repository.
58 verbose stack
58 verbose stack Please make sure you have the correct access rights
58 verbose stack and the repository exists.
58 verbose stack
58 verbose stack     at ChildProcess.exithandler (child_process.js:211:12)
58 verbose stack     at emitTwo (events.js:106:13)
58 verbose stack     at ChildProcess.emit (events.js:191:7)
58 verbose stack     at maybeClose (internal/child_process.js:877:16)
58 verbose stack     at Socket.<anonymous> (internal/child_process.js:334:11)
58 verbose stack     at emitOne (events.js:96:13)
58 verbose stack     at Socket.emit (events.js:188:7)
58 verbose stack     at Pipe._handle.close [as _onclose] (net.js:501:12)
59 verbose cwd /Users/justin/Desktop/selfbot
60 error Darwin 16.1.0
61 error argv "/usr/local/bin/node" "/usr/local/bin/npm" "install"
62 error node v7.0.0
63 error npm  v3.10.8
64 error code 128
65 error Command failed: git clone --template=/Users/justin/.npm/_git-remotes/_templates --mirror git@github.com:hydrabolt/discord.js.git /Users/justin/.npm/_git-remotes/git-github-com-hydrabolt-discord-js-git-indev-3868718b
65 error Cloning into bare repository '/Users/justin/.npm/_git-remotes/git-github-com-hydrabolt-discord-js-git-indev-3868718b'...
65 error Permission denied (publickey).
65 error fatal: Could not read from remote repository.
65 error
65 error Please make sure you have the correct access rights
65 error and the repository exists.
66 error If you need help, you may report this error at:
66 error     <https://github.com/npm/npm/issues>
67 verbose exit [ 1, true ]
